<?xml version="1.0" encoding="UTF-8"?>
<testsuite xmlns:xsi="http://www.w3.org/2001/XMLSchema-instance" xsi:noNamespaceSchemaLocation="https://maven.apache.org/surefire/maven-surefire-plugin/xsd/surefire-test-report.xsd" version="3.0.2" name="ru.yandex.practicum.test.user.UserCreateTest" time="0.766" tests="5" errors="0" skipped="0" failures="0">
  <properties>
[...]
</properties>
  <testcase name="shouldCreateUserTestWithoutName" classname="ru.yandex.practicum.test.user.UserCreateTest" time="0.1"/>
  <testcase name="shouldCreateDoubleUserTest" classname="ru.yandex.practicum.test.user.UserCreateTest" time="0.266"/>
  <testcase name="shouldCreateUserTest" classname="ru.yandex.practicum.test.user.UserCreateTest" time="0.169"/>
  <testcase name="shouldCreateUserTestWithoutEmail" classname="ru.yandex.practicum.test.user.UserCreateTest" time="0.114"/>
  <testcase name="shouldCreateUserTestWithoutPassword" classname="ru.yandex.practicum.test.user.UserCreateTest" time="0.1"/>
</testsuite>